{"C:\\Users\\robby\\Documents\\nodejs-be\\config\\dbConn.js": {"path":"C:\\Users\\robby\\Documents\\nodejs-be\\config\\dbConn.js","statementMap":{"0":{"start":{"line":1,"column":18},"end":{"line":1,"column":38}},"1":{"start":{"line":2,"column":15},"end":{"line":2,"column":32}},"2":{"start":{"line":4,"column":0},"end":{"line":4,"column":16}},"3":{"start":{"line":5,"column":19},"end":{"line":14,"column":1}},"4":{"start":{"line":16,"column":0},"end":{"line":16,"column":28}}},"fnMap":{},"branchMap":{},"s":{"0":9,"1":9,"2":9,"3":9,"4":9},"f":{},"b":{},"_coverageSchema":"1a1c01bbd47fc00a2c39e90264f33305004495a9","hash":"dc230488f940ec6b3823a8cc3f13b2fd44e3c109"}
,"C:\\Users\\robby\\Documents\\nodejs-be\\config\\logger.js": {"path":"C:\\Users\\robby\\Documents\\nodejs-be\\config\\logger.js","statementMap":{"0":{"start":{"line":1,"column":15},"end":{"line":1,"column":32}},"1":{"start":{"line":2,"column":15},"end":{"line":2,"column":32}},"2":{"start":{"line":4,"column":0},"end":{"line":4,"column":16}},"3":{"start":{"line":5,"column":18},"end":{"line":20,"column":2}},"4":{"start":{"line":22,"column":18},"end":{"line":36,"column":1}},"5":{"start":{"line":23,"column":2},"end":{"line":35,"column":3}},"6":{"start":{"line":25,"column":6},"end":{"line":25,"column":60}},"7":{"start":{"line":26,"column":6},"end":{"line":26,"column":12}},"8":{"start":{"line":28,"column":6},"end":{"line":28,"column":60}},"9":{"start":{"line":29,"column":6},"end":{"line":29,"column":12}},"10":{"start":{"line":31,"column":6},"end":{"line":31,"column":59}},"11":{"start":{"line":32,"column":6},"end":{"line":32,"column":12}},"12":{"start":{"line":34,"column":6},"end":{"line":34,"column":60}},"13":{"start":{"line":38,"column":0},"end":{"line":38,"column":27}}},"fnMap":{"0":{"name":"(anonymous_0)","decl":{"start":{"line":22,"column":18},"end":{"line":22,"column":19}},"loc":{"start":{"line":22,"column":31},"end":{"line":36,"column":1}},"line":22}},"branchMap":{"0":{"loc":{"start":{"line":23,"column":2},"end":{"line":35,"column":3}},"type":"switch","locations":[{"start":{"line":24,"column":4},"end":{"line":26,"column":12}},{"start":{"line":27,"column":4},"end":{"line":29,"column":12}},{"start":{"line":30,"column":4},"end":{"line":32,"column":12}},{"start":{"line":33,"column":4},"end":{"line":34,"column":60}}],"line":23}},"s":{"0":1,"1":1,"2":1,"3":1,"4":1,"5":4,"6":1,"7":1,"8":1,"9":1,"10":1,"11":1,"12":1,"13":1},"f":{"0":4},"b":{"0":[1,1,1,1]},"_coverageSchema":"1a1c01bbd47fc00a2c39e90264f33305004495a9","hash":"68e7820674fde2f1188bf6eab8ee7f84c52886fb"}
,"C:\\Users\\robby\\Documents\\nodejs-be\\src\\events\\myEmitter.js": {"path":"C:\\Users\\robby\\Documents\\nodejs-be\\src\\events\\myEmitter.js","statementMap":{"0":{"start":{"line":1,"column":21},"end":{"line":1,"column":38}},"1":{"start":{"line":2,"column":18},"end":{"line":2,"column":36}},"2":{"start":{"line":3,"column":0},"end":{"line":3,"column":27}}},"fnMap":{},"branchMap":{},"s":{"0":1,"1":1,"2":1},"f":{},"b":{},"_coverageSchema":"1a1c01bbd47fc00a2c39e90264f33305004495a9","hash":"b48686d680fd8c2d989bf8a15faa8cbfa6581c1d"}
,"C:\\Users\\robby\\Documents\\nodejs-be\\src\\models\\comment.model.js": {"path":"C:\\Users\\robby\\Documents\\nodejs-be\\src\\models\\comment.model.js","statementMap":{"0":{"start":{"line":1,"column":18},"end":{"line":1,"column":38}},"1":{"start":{"line":2,"column":19},"end":{"line":2,"column":49}},"2":{"start":{"line":4,"column":16},"end":{"line":27,"column":1}},"3":{"start":{"line":28,"column":0},"end":{"line":28,"column":24}}},"fnMap":{},"branchMap":{},"s":{"0":1,"1":1,"2":1,"3":1},"f":{},"b":{},"_coverageSchema":"1a1c01bbd47fc00a2c39e90264f33305004495a9","hash":"32e8a8a0e2d6a23ac1709638433c2992c47720b8"}
,"C:\\Users\\robby\\Documents\\nodejs-be\\src\\models\\content.model.js": {"path":"C:\\Users\\robby\\Documents\\nodejs-be\\src\\models\\content.model.js","statementMap":{"0":{"start":{"line":1,"column":18},"end":{"line":1,"column":38}},"1":{"start":{"line":2,"column":19},"end":{"line":2,"column":49}},"2":{"start":{"line":4,"column":16},"end":{"line":28,"column":1}},"3":{"start":{"line":29,"column":0},"end":{"line":29,"column":24}}},"fnMap":{},"branchMap":{},"s":{"0":1,"1":1,"2":1,"3":1},"f":{},"b":{},"_coverageSchema":"1a1c01bbd47fc00a2c39e90264f33305004495a9","hash":"891743651d27586be4b2a4378d76c6619fdbecd9"}
,"C:\\Users\\robby\\Documents\\nodejs-be\\src\\models\\fan.model.js": {"path":"C:\\Users\\robby\\Documents\\nodejs-be\\src\\models\\fan.model.js","statementMap":{"0":{"start":{"line":1,"column":18},"end":{"line":1,"column":38}},"1":{"start":{"line":2,"column":19},"end":{"line":2,"column":49}},"2":{"start":{"line":4,"column":12},"end":{"line":23,"column":1}},"3":{"start":{"line":24,"column":0},"end":{"line":24,"column":20}}},"fnMap":{},"branchMap":{},"s":{"0":1,"1":1,"2":1,"3":1},"f":{},"b":{},"_coverageSchema":"1a1c01bbd47fc00a2c39e90264f33305004495a9","hash":"1d8ef4a79e8b56dbd888f6e242368a9e11ccfd7c"}
,"C:\\Users\\robby\\Documents\\nodejs-be\\src\\models\\friend.model.js": {"path":"C:\\Users\\robby\\Documents\\nodejs-be\\src\\models\\friend.model.js","statementMap":{"0":{"start":{"line":1,"column":18},"end":{"line":1,"column":38}},"1":{"start":{"line":2,"column":19},"end":{"line":2,"column":49}},"2":{"start":{"line":4,"column":15},"end":{"line":23,"column":1}},"3":{"start":{"line":24,"column":0},"end":{"line":24,"column":23}}},"fnMap":{},"branchMap":{},"s":{"0":1,"1":1,"2":1,"3":1},"f":{},"b":{},"_coverageSchema":"1a1c01bbd47fc00a2c39e90264f33305004495a9","hash":"84347c64a54ad5bde480833fcdb767a0faf260c0"}
,"C:\\Users\\robby\\Documents\\nodejs-be\\src\\models\\like.model.js": {"path":"C:\\Users\\robby\\Documents\\nodejs-be\\src\\models\\like.model.js","statementMap":{"0":{"start":{"line":1,"column":18},"end":{"line":1,"column":38}},"1":{"start":{"line":2,"column":19},"end":{"line":2,"column":49}},"2":{"start":{"line":4,"column":13},"end":{"line":23,"column":1}},"3":{"start":{"line":24,"column":0},"end":{"line":24,"column":21}}},"fnMap":{},"branchMap":{},"s":{"0":1,"1":1,"2":1,"3":1},"f":{},"b":{},"_coverageSchema":"1a1c01bbd47fc00a2c39e90264f33305004495a9","hash":"bb4f4a9015f869b3a04f3983f31a4f530a841f9d"}
,"C:\\Users\\robby\\Documents\\nodejs-be\\src\\models\\user.account.model.js": {"path":"C:\\Users\\robby\\Documents\\nodejs-be\\src\\models\\user.account.model.js","statementMap":{"0":{"start":{"line":1,"column":18},"end":{"line":1,"column":38}},"1":{"start":{"line":2,"column":19},"end":{"line":2,"column":49}},"2":{"start":{"line":4,"column":20},"end":{"line":41,"column":1}},"3":{"start":{"line":42,"column":0},"end":{"line":42,"column":28}}},"fnMap":{},"branchMap":{},"s":{"0":1,"1":1,"2":1,"3":1},"f":{},"b":{},"_coverageSchema":"1a1c01bbd47fc00a2c39e90264f33305004495a9","hash":"8970835fb6a0d30798d728cbefeb766f85c07d11"}
,"C:\\Users\\robby\\Documents\\nodejs-be\\src\\models\\user.model.js": {"path":"C:\\Users\\robby\\Documents\\nodejs-be\\src\\models\\user.model.js","statementMap":{"0":{"start":{"line":1,"column":18},"end":{"line":1,"column":38}},"1":{"start":{"line":2,"column":19},"end":{"line":2,"column":49}},"2":{"start":{"line":4,"column":13},"end":{"line":29,"column":1}},"3":{"start":{"line":30,"column":0},"end":{"line":30,"column":21}}},"fnMap":{},"branchMap":{},"s":{"0":1,"1":1,"2":1,"3":1},"f":{},"b":{},"_coverageSchema":"1a1c01bbd47fc00a2c39e90264f33305004495a9","hash":"f45ba8c4b48ff78381553999f2a3c1bd60ab9706"}
,"C:\\Users\\robby\\Documents\\nodejs-be\\src\\models\\user.profile.model.js": {"path":"C:\\Users\\robby\\Documents\\nodejs-be\\src\\models\\user.profile.model.js","statementMap":{"0":{"start":{"line":1,"column":18},"end":{"line":1,"column":38}},"1":{"start":{"line":2,"column":19},"end":{"line":2,"column":49}},"2":{"start":{"line":4,"column":20},"end":{"line":40,"column":1}},"3":{"start":{"line":41,"column":0},"end":{"line":41,"column":28}}},"fnMap":{},"branchMap":{},"s":{"0":1,"1":1,"2":1,"3":1},"f":{},"b":{},"_coverageSchema":"1a1c01bbd47fc00a2c39e90264f33305004495a9","hash":"ef8764dddc075bb8113ae419d60773f11df49582"}
,"C:\\Users\\robby\\Documents\\nodejs-be\\src\\services\\auth.service.js": {"path":"C:\\Users\\robby\\Documents\\nodejs-be\\src\\services\\auth.service.js","statementMap":{"0":{"start":{"line":2,"column":17},"end":{"line":2,"column":47}},"1":{"start":{"line":3,"column":15},"end":{"line":3,"column":34}},"2":{"start":{"line":4,"column":12},"end":{"line":4,"column":35}},"3":{"start":{"line":5,"column":15},"end":{"line":5,"column":32}},"4":{"start":{"line":7,"column":0},"end":{"line":7,"column":16}},"5":{"start":{"line":10,"column":8},"end":{"line":10,"column":24}},"6":{"start":{"line":11,"column":8},"end":{"line":11,"column":38}},"7":{"start":{"line":12,"column":8},"end":{"line":12,"column":38}},"8":{"start":{"line":13,"column":8},"end":{"line":13,"column":22}},"9":{"start":{"line":14,"column":8},"end":{"line":14,"column":28}},"10":{"start":{"line":15,"column":8},"end":{"line":15,"column":30}},"11":{"start":{"line":16,"column":8},"end":{"line":16,"column":30}},"12":{"start":{"line":17,"column":8},"end":{"line":17,"column":24}},"13":{"start":{"line":19,"column":18},"end":{"line":53,"column":5}},"14":{"start":{"line":20,"column":8},"end":{"line":52,"column":9}},"15":{"start":{"line":56,"column":38},"end":{"line":56,"column":42}},"16":{"start":{"line":58,"column":8},"end":{"line":88,"column":9}},"17":{"start":{"line":59,"column":12},"end":{"line":61,"column":124}},"18":{"start":{"line":62,"column":12},"end":{"line":81,"column":13}},"19":{"start":{"line":63,"column":38},"end":{"line":63,"column":95}},"20":{"start":{"line":64,"column":16},"end":{"line":78,"column":17}},"21":{"start":{"line":65,"column":33},"end":{"line":68,"column":22}},"22":{"start":{"line":71,"column":40},"end":{"line":71,"column":89}},"23":{"start":{"line":72,"column":20},"end":{"line":75,"column":21}},"24":{"start":{"line":77,"column":20},"end":{"line":77,"column":33}},"25":{"start":{"line":80,"column":16},"end":{"line":80,"column":29}},"26":{"start":{"line":83,"column":12},"end":{"line":86,"column":15}},"27":{"start":{"line":87,"column":12},"end":{"line":87,"column":31}},"28":{"start":{"line":89,"column":8},"end":{"line":89,"column":22}},"29":{"start":{"line":93,"column":26},"end":{"line":93,"column":30}},"30":{"start":{"line":95,"column":8},"end":{"line":118,"column":9}},"31":{"start":{"line":96,"column":12},"end":{"line":96,"column":113}},"32":{"start":{"line":97,"column":12},"end":{"line":111,"column":13}},"33":{"start":{"line":98,"column":29},"end":{"line":101,"column":18}},"34":{"start":{"line":104,"column":36},"end":{"line":104,"column":85}},"35":{"start":{"line":105,"column":16},"end":{"line":108,"column":17}},"36":{"start":{"line":110,"column":16},"end":{"line":110,"column":29}},"37":{"start":{"line":113,"column":12},"end":{"line":116,"column":15}},"38":{"start":{"line":117,"column":12},"end":{"line":117,"column":31}},"39":{"start":{"line":119,"column":8},"end":{"line":119,"column":22}},"40":{"start":{"line":123,"column":49},"end":{"line":123,"column":53}},"41":{"start":{"line":125,"column":26},"end":{"line":125,"column":28}},"42":{"start":{"line":126,"column":23},"end":{"line":126,"column":25}},"43":{"start":{"line":127,"column":29},"end":{"line":127,"column":31}},"44":{"start":{"line":128,"column":8},"end":{"line":158,"column":9}},"45":{"start":{"line":129,"column":12},"end":{"line":129,"column":88}},"46":{"start":{"line":130,"column":12},"end":{"line":151,"column":13}},"47":{"start":{"line":131,"column":16},"end":{"line":131,"column":111}},"48":{"start":{"line":131,"column":64},"end":{"line":131,"column":109}},"49":{"start":{"line":132,"column":16},"end":{"line":132,"column":99}},"50":{"start":{"line":132,"column":58},"end":{"line":132,"column":97}},"51":{"start":{"line":133,"column":16},"end":{"line":133,"column":123}},"52":{"start":{"line":133,"column":70},"end":{"line":133,"column":121}},"53":{"start":{"line":134,"column":16},"end":{"line":150,"column":17}},"54":{"start":{"line":135,"column":20},"end":{"line":135,"column":52}},"55":{"start":{"line":136,"column":23},"end":{"line":150,"column":17}},"56":{"start":{"line":137,"column":20},"end":{"line":137,"column":49}},"57":{"start":{"line":138,"column":23},"end":{"line":150,"column":17}},"58":{"start":{"line":139,"column":20},"end":{"line":139,"column":55}},"59":{"start":{"line":140,"column":23},"end":{"line":150,"column":17}},"60":{"start":{"line":141,"column":20},"end":{"line":141,"column":57}},"61":{"start":{"line":142,"column":23},"end":{"line":150,"column":17}},"62":{"start":{"line":143,"column":20},"end":{"line":143,"column":63}},"63":{"start":{"line":144,"column":23},"end":{"line":150,"column":17}},"64":{"start":{"line":145,"column":20},"end":{"line":145,"column":60}},"65":{"start":{"line":146,"column":23},"end":{"line":150,"column":17}},"66":{"start":{"line":147,"column":20},"end":{"line":147,"column":68}},"67":{"start":{"line":149,"column":20},"end":{"line":149,"column":46}},"68":{"start":{"line":153,"column":12},"end":{"line":156,"column":14}},"69":{"start":{"line":157,"column":12},"end":{"line":157,"column":30}},"70":{"start":{"line":159,"column":8},"end":{"line":159,"column":21}},"71":{"start":{"line":163,"column":32},"end":{"line":163,"column":36}},"72":{"start":{"line":165,"column":8},"end":{"line":181,"column":9}},"73":{"start":{"line":166,"column":12},"end":{"line":166,"column":125}},"74":{"start":{"line":167,"column":12},"end":{"line":174,"column":13}},"75":{"start":{"line":168,"column":36},"end":{"line":168,"column":87}},"76":{"start":{"line":169,"column":16},"end":{"line":171,"column":17}},"77":{"start":{"line":173,"column":16},"end":{"line":173,"column":29}},"78":{"start":{"line":176,"column":12},"end":{"line":179,"column":14}},"79":{"start":{"line":180,"column":12},"end":{"line":180,"column":30}},"80":{"start":{"line":182,"column":8},"end":{"line":182,"column":21}},"81":{"start":{"line":186,"column":0},"end":{"line":186,"column":28}}},"fnMap":{"0":{"name":"(anonymous_0)","decl":{"start":{"line":9,"column":4},"end":{"line":9,"column":5}},"loc":{"start":{"line":9,"column":85},"end":{"line":18,"column":5}},"line":9},"1":{"name":"(anonymous_1)","decl":{"start":{"line":19,"column":18},"end":{"line":19,"column":19}},"loc":{"start":{"line":19,"column":24},"end":{"line":53,"column":5}},"line":19},"2":{"name":"(anonymous_2)","decl":{"start":{"line":55,"column":4},"end":{"line":55,"column":5}},"loc":{"start":{"line":55,"column":29},"end":{"line":90,"column":5}},"line":55},"3":{"name":"(anonymous_3)","decl":{"start":{"line":92,"column":4},"end":{"line":92,"column":5}},"loc":{"start":{"line":92,"column":29},"end":{"line":120,"column":5}},"line":92},"4":{"name":"(anonymous_4)","decl":{"start":{"line":122,"column":4},"end":{"line":122,"column":5}},"loc":{"start":{"line":122,"column":29},"end":{"line":160,"column":5}},"line":122},"5":{"name":"(anonymous_5)","decl":{"start":{"line":162,"column":4},"end":{"line":162,"column":5}},"loc":{"start":{"line":162,"column":31},"end":{"line":183,"column":5}},"line":162}},"branchMap":{"0":{"loc":{"start":{"line":59,"column":12},"end":{"line":61,"column":124}},"type":"cond-expr","locations":[{"start":{"line":60,"column":18},"end":{"line":60,"column":121}},{"start":{"line":61,"column":18},"end":{"line":61,"column":124}}],"line":59},"1":{"loc":{"start":{"line":62,"column":12},"end":{"line":81,"column":13}},"type":"if","locations":[{"start":{"line":62,"column":12},"end":{"line":81,"column":13}},{"start":{"line":62,"column":12},"end":{"line":81,"column":13}}],"line":62},"2":{"loc":{"start":{"line":64,"column":16},"end":{"line":78,"column":17}},"type":"if","locations":[{"start":{"line":64,"column":16},"end":{"line":78,"column":17}},{"start":{"line":64,"column":16},"end":{"line":78,"column":17}}],"line":64},"3":{"loc":{"start":{"line":97,"column":12},"end":{"line":111,"column":13}},"type":"if","locations":[{"start":{"line":97,"column":12},"end":{"line":111,"column":13}},{"start":{"line":97,"column":12},"end":{"line":111,"column":13}}],"line":97},"4":{"loc":{"start":{"line":131,"column":16},"end":{"line":131,"column":111}},"type":"if","locations":[{"start":{"line":131,"column":16},"end":{"line":131,"column":111}},{"start":{"line":131,"column":16},"end":{"line":131,"column":111}}],"line":131},"5":{"loc":{"start":{"line":132,"column":16},"end":{"line":132,"column":99}},"type":"if","locations":[{"start":{"line":132,"column":16},"end":{"line":132,"column":99}},{"start":{"line":132,"column":16},"end":{"line":132,"column":99}}],"line":132},"6":{"loc":{"start":{"line":133,"column":16},"end":{"line":133,"column":123}},"type":"if","locations":[{"start":{"line":133,"column":16},"end":{"line":133,"column":123}},{"start":{"line":133,"column":16},"end":{"line":133,"column":123}}],"line":133},"7":{"loc":{"start":{"line":134,"column":16},"end":{"line":150,"column":17}},"type":"if","locations":[{"start":{"line":134,"column":16},"end":{"line":150,"column":17}},{"start":{"line":134,"column":16},"end":{"line":150,"column":17}}],"line":134},"8":{"loc":{"start":{"line":134,"column":20},"end":{"line":134,"column":79}},"type":"binary-expr","locations":[{"start":{"line":134,"column":20},"end":{"line":134,"column":37}},{"start":{"line":134,"column":41},"end":{"line":134,"column":55}},{"start":{"line":134,"column":59},"end":{"line":134,"column":79}}],"line":134},"9":{"loc":{"start":{"line":136,"column":23},"end":{"line":150,"column":17}},"type":"if","locations":[{"start":{"line":136,"column":23},"end":{"line":150,"column":17}},{"start":{"line":136,"column":23},"end":{"line":150,"column":17}}],"line":136},"10":{"loc":{"start":{"line":136,"column":27},"end":{"line":136,"column":86}},"type":"binary-expr","locations":[{"start":{"line":136,"column":27},"end":{"line":136,"column":44}},{"start":{"line":136,"column":48},"end":{"line":136,"column":62}},{"start":{"line":136,"column":66},"end":{"line":136,"column":86}}],"line":136},"11":{"loc":{"start":{"line":138,"column":23},"end":{"line":150,"column":17}},"type":"if","locations":[{"start":{"line":138,"column":23},"end":{"line":150,"column":17}},{"start":{"line":138,"column":23},"end":{"line":150,"column":17}}],"line":138},"12":{"loc":{"start":{"line":138,"column":27},"end":{"line":138,"column":86}},"type":"binary-expr","locations":[{"start":{"line":138,"column":27},"end":{"line":138,"column":44}},{"start":{"line":138,"column":48},"end":{"line":138,"column":62}},{"start":{"line":138,"column":66},"end":{"line":138,"column":86}}],"line":138},"13":{"loc":{"start":{"line":140,"column":23},"end":{"line":150,"column":17}},"type":"if","locations":[{"start":{"line":140,"column":23},"end":{"line":150,"column":17}},{"start":{"line":140,"column":23},"end":{"line":150,"column":17}}],"line":140},"14":{"loc":{"start":{"line":140,"column":27},"end":{"line":140,"column":86}},"type":"binary-expr","locations":[{"start":{"line":140,"column":27},"end":{"line":140,"column":44}},{"start":{"line":140,"column":48},"end":{"line":140,"column":62}},{"start":{"line":140,"column":66},"end":{"line":140,"column":86}}],"line":140},"15":{"loc":{"start":{"line":142,"column":23},"end":{"line":150,"column":17}},"type":"if","locations":[{"start":{"line":142,"column":23},"end":{"line":150,"column":17}},{"start":{"line":142,"column":23},"end":{"line":150,"column":17}}],"line":142},"16":{"loc":{"start":{"line":142,"column":27},"end":{"line":142,"column":86}},"type":"binary-expr","locations":[{"start":{"line":142,"column":27},"end":{"line":142,"column":44}},{"start":{"line":142,"column":48},"end":{"line":142,"column":62}},{"start":{"line":142,"column":66},"end":{"line":142,"column":86}}],"line":142},"17":{"loc":{"start":{"line":144,"column":23},"end":{"line":150,"column":17}},"type":"if","locations":[{"start":{"line":144,"column":23},"end":{"line":150,"column":17}},{"start":{"line":144,"column":23},"end":{"line":150,"column":17}}],"line":144},"18":{"loc":{"start":{"line":144,"column":27},"end":{"line":144,"column":86}},"type":"binary-expr","locations":[{"start":{"line":144,"column":27},"end":{"line":144,"column":44}},{"start":{"line":144,"column":48},"end":{"line":144,"column":62}},{"start":{"line":144,"column":66},"end":{"line":144,"column":86}}],"line":144},"19":{"loc":{"start":{"line":146,"column":23},"end":{"line":150,"column":17}},"type":"if","locations":[{"start":{"line":146,"column":23},"end":{"line":150,"column":17}},{"start":{"line":146,"column":23},"end":{"line":150,"column":17}}],"line":146},"20":{"loc":{"start":{"line":146,"column":27},"end":{"line":146,"column":86}},"type":"binary-expr","locations":[{"start":{"line":146,"column":27},"end":{"line":146,"column":44}},{"start":{"line":146,"column":48},"end":{"line":146,"column":62}},{"start":{"line":146,"column":66},"end":{"line":146,"column":86}}],"line":146},"21":{"loc":{"start":{"line":167,"column":12},"end":{"line":174,"column":13}},"type":"if","locations":[{"start":{"line":167,"column":12},"end":{"line":174,"column":13}},{"start":{"line":167,"column":12},"end":{"line":174,"column":13}}],"line":167},"22":{"loc":{"start":{"line":167,"column":16},"end":{"line":167,"column":71}},"type":"binary-expr","locations":[{"start":{"line":167,"column":16},"end":{"line":167,"column":22}},{"start":{"line":167,"column":26},"end":{"line":167,"column":71}}],"line":167}},"s":{"0":1,"1":1,"2":1,"3":1,"4":1,"5":1,"6":1,"7":1,"8":1,"9":1,"10":1,"11":1,"12":1,"13":1,"14":5,"15":6,"16":6,"17":6,"18":5,"19":4,"20":4,"21":3,"22":3,"23":3,"24":1,"25":1,"26":1,"27":1,"28":5,"29":3,"30":3,"31":3,"32":2,"33":1,"34":1,"35":1,"36":1,"37":1,"38":1,"39":2,"40":9,"41":9,"42":9,"43":9,"44":9,"45":9,"46":8,"47":8,"48":4,"49":8,"50":4,"51":8,"52":4,"53":8,"54":1,"55":7,"56":1,"57":6,"58":1,"59":5,"60":1,"61":4,"62":1,"63":3,"64":1,"65":2,"66":1,"67":1,"68":1,"69":1,"70":8,"71":3,"72":3,"73":3,"74":2,"75":1,"76":1,"77":1,"78":1,"79":1,"80":2,"81":1},"f":{"0":1,"1":5,"2":6,"3":3,"4":9,"5":3},"b":{"0":[1,5],"1":[4,1],"2":[3,1],"3":[1,1],"4":[4,4],"5":[4,4],"6":[4,4],"7":[1,7],"8":[8,4,2],"9":[1,6],"10":[7,4,2],"11":[1,5],"12":[6,3,2],"13":[1,4],"14":[5,3,2],"15":[1,3],"16":[4,2,1],"17":[1,2],"18":[3,2,1],"19":[1,1],"20":[2,1,1],"21":[1,1],"22":[2,1]},"_coverageSchema":"1a1c01bbd47fc00a2c39e90264f33305004495a9","hash":"e0d952a728e8ee443bf6337616326deaefa9b272"}
,"C:\\Users\\robby\\Documents\\nodejs-be\\src\\services\\user.service.js": {"path":"C:\\Users\\robby\\Documents\\nodejs-be\\src\\services\\user.service.js","statementMap":{"0":{"start":{"line":1,"column":17},"end":{"line":1,"column":47}},"1":{"start":{"line":2,"column":18},"end":{"line":2,"column":48}},"2":{"start":{"line":3,"column":16},"end":{"line":3,"column":35}},"3":{"start":{"line":4,"column":12},"end":{"line":4,"column":35}},"4":{"start":{"line":5,"column":15},"end":{"line":5,"column":35}},"5":{"start":{"line":9,"column":8},"end":{"line":9,"column":24}},"6":{"start":{"line":10,"column":8},"end":{"line":10,"column":38}},"7":{"start":{"line":11,"column":8},"end":{"line":11,"column":38}},"8":{"start":{"line":12,"column":8},"end":{"line":12,"column":22}},"9":{"start":{"line":13,"column":8},"end":{"line":13,"column":28}},"10":{"start":{"line":14,"column":8},"end":{"line":14,"column":30}},"11":{"start":{"line":15,"column":8},"end":{"line":15,"column":30}},"12":{"start":{"line":16,"column":8},"end":{"line":16,"column":24}},"13":{"start":{"line":18,"column":18},"end":{"line":62,"column":5}},"14":{"start":{"line":20,"column":8},"end":{"line":31,"column":9}},"15":{"start":{"line":21,"column":12},"end":{"line":25,"column":13}},"16":{"start":{"line":27,"column":12},"end":{"line":30,"column":13}},"17":{"start":{"line":32,"column":8},"end":{"line":61,"column":9}},"18":{"start":{"line":66,"column":8},"end":{"line":77,"column":9}},"19":{"start":{"line":67,"column":12},"end":{"line":70,"column":14}},"20":{"start":{"line":72,"column":12},"end":{"line":75,"column":14}},"21":{"start":{"line":76,"column":12},"end":{"line":76,"column":30}},"22":{"start":{"line":78,"column":8},"end":{"line":78,"column":21}},"23":{"start":{"line":83,"column":8},"end":{"line":94,"column":9}},"24":{"start":{"line":84,"column":12},"end":{"line":87,"column":14}},"25":{"start":{"line":89,"column":12},"end":{"line":92,"column":14}},"26":{"start":{"line":93,"column":12},"end":{"line":93,"column":30}},"27":{"start":{"line":95,"column":8},"end":{"line":95,"column":21}},"28":{"start":{"line":100,"column":8},"end":{"line":111,"column":9}},"29":{"start":{"line":101,"column":12},"end":{"line":104,"column":14}},"30":{"start":{"line":106,"column":12},"end":{"line":109,"column":14}},"31":{"start":{"line":110,"column":12},"end":{"line":110,"column":30}},"32":{"start":{"line":112,"column":8},"end":{"line":112,"column":21}},"33":{"start":{"line":118,"column":20},"end":{"line":118,"column":49}},"34":{"start":{"line":119,"column":8},"end":{"line":144,"column":9}},"35":{"start":{"line":120,"column":23},"end":{"line":120,"column":71}},"36":{"start":{"line":121,"column":26},"end":{"line":126,"column":36}},"37":{"start":{"line":127,"column":26},"end":{"line":127,"column":95}},"38":{"start":{"line":129,"column":12},"end":{"line":129,"column":40}},"39":{"start":{"line":130,"column":12},"end":{"line":130,"column":40}},"40":{"start":{"line":132,"column":12},"end":{"line":132,"column":24}},"41":{"start":{"line":133,"column":32},"end":{"line":133,"column":81}},"42":{"start":{"line":134,"column":12},"end":{"line":136,"column":13}},"43":{"start":{"line":138,"column":12},"end":{"line":138,"column":32}},"44":{"start":{"line":139,"column":12},"end":{"line":142,"column":14}},"45":{"start":{"line":143,"column":12},"end":{"line":143,"column":30}},"46":{"start":{"line":145,"column":8},"end":{"line":145,"column":21}},"47":{"start":{"line":150,"column":21},"end":{"line":150,"column":82}},"48":{"start":{"line":151,"column":8},"end":{"line":179,"column":9}},"49":{"start":{"line":152,"column":24},"end":{"line":152,"column":53}},"50":{"start":{"line":153,"column":12},"end":{"line":176,"column":13}},"51":{"start":{"line":154,"column":16},"end":{"line":161,"column":17}},"52":{"start":{"line":155,"column":20},"end":{"line":160,"column":80}},"53":{"start":{"line":162,"column":16},"end":{"line":164,"column":17}},"54":{"start":{"line":163,"column":20},"end":{"line":163,"column":125}},"55":{"start":{"line":165,"column":29},"end":{"line":165,"column":39}},"56":{"start":{"line":166,"column":16},"end":{"line":166,"column":87}},"57":{"start":{"line":167,"column":16},"end":{"line":167,"column":35}},"58":{"start":{"line":168,"column":16},"end":{"line":168,"column":29}},"59":{"start":{"line":170,"column":16},"end":{"line":170,"column":37}},"60":{"start":{"line":171,"column":16},"end":{"line":174,"column":18}},"61":{"start":{"line":175,"column":16},"end":{"line":175,"column":34}},"62":{"start":{"line":178,"column":12},"end":{"line":178,"column":49}},"63":{"start":{"line":180,"column":8},"end":{"line":180,"column":21}},"64":{"start":{"line":185,"column":21},"end":{"line":185,"column":86}},"65":{"start":{"line":186,"column":8},"end":{"line":211,"column":9}},"66":{"start":{"line":187,"column":24},"end":{"line":187,"column":53}},"67":{"start":{"line":188,"column":12},"end":{"line":208,"column":13}},"68":{"start":{"line":189,"column":16},"end":{"line":192,"column":17}},"69":{"start":{"line":190,"column":20},"end":{"line":190,"column":94}},"70":{"start":{"line":191,"column":20},"end":{"line":191,"column":97}},"71":{"start":{"line":193,"column":16},"end":{"line":193,"column":93}},"72":{"start":{"line":194,"column":16},"end":{"line":194,"column":92}},"73":{"start":{"line":195,"column":16},"end":{"line":195,"column":89}},"74":{"start":{"line":196,"column":16},"end":{"line":196,"column":97}},"75":{"start":{"line":197,"column":16},"end":{"line":197,"column":97}},"76":{"start":{"line":198,"column":16},"end":{"line":198,"column":81}},"77":{"start":{"line":199,"column":16},"end":{"line":199,"column":35}},"78":{"start":{"line":200,"column":16},"end":{"line":200,"column":61}},"79":{"start":{"line":202,"column":16},"end":{"line":202,"column":31}},"80":{"start":{"line":203,"column":16},"end":{"line":206,"column":19}},"81":{"start":{"line":207,"column":16},"end":{"line":207,"column":35}},"82":{"start":{"line":210,"column":12},"end":{"line":210,"column":49}},"83":{"start":{"line":212,"column":8},"end":{"line":212,"column":22}},"84":{"start":{"line":215,"column":0},"end":{"line":215,"column":28}}},"fnMap":{"0":{"name":"(anonymous_0)","decl":{"start":{"line":8,"column":4},"end":{"line":8,"column":5}},"loc":{"start":{"line":8,"column":85},"end":{"line":17,"column":5}},"line":8},"1":{"name":"(anonymous_1)","decl":{"start":{"line":18,"column":18},"end":{"line":18,"column":19}},"loc":{"start":{"line":18,"column":28},"end":{"line":62,"column":5}},"line":18},"2":{"name":"(anonymous_2)","decl":{"start":{"line":64,"column":4},"end":{"line":64,"column":5}},"loc":{"start":{"line":64,"column":24},"end":{"line":79,"column":5}},"line":64},"3":{"name":"(anonymous_3)","decl":{"start":{"line":81,"column":4},"end":{"line":81,"column":5}},"loc":{"start":{"line":81,"column":22},"end":{"line":96,"column":5}},"line":81},"4":{"name":"(anonymous_4)","decl":{"start":{"line":98,"column":4},"end":{"line":98,"column":5}},"loc":{"start":{"line":98,"column":34},"end":{"line":113,"column":5}},"line":98},"5":{"name":"(anonymous_5)","decl":{"start":{"line":116,"column":4},"end":{"line":116,"column":5}},"loc":{"start":{"line":116,"column":25},"end":{"line":146,"column":5}},"line":116},"6":{"name":"(anonymous_6)","decl":{"start":{"line":148,"column":4},"end":{"line":148,"column":5}},"loc":{"start":{"line":148,"column":28},"end":{"line":181,"column":5}},"line":148},"7":{"name":"(anonymous_7)","decl":{"start":{"line":183,"column":4},"end":{"line":183,"column":5}},"loc":{"start":{"line":183,"column":25},"end":{"line":213,"column":5}},"line":183}},"branchMap":{"0":{"loc":{"start":{"line":20,"column":8},"end":{"line":31,"column":9}},"type":"if","locations":[{"start":{"line":20,"column":8},"end":{"line":31,"column":9}},{"start":{"line":20,"column":8},"end":{"line":31,"column":9}}],"line":20},"1":{"loc":{"start":{"line":151,"column":8},"end":{"line":179,"column":9}},"type":"if","locations":[{"start":{"line":151,"column":8},"end":{"line":179,"column":9}},{"start":{"line":151,"column":8},"end":{"line":179,"column":9}}],"line":151},"2":{"loc":{"start":{"line":154,"column":16},"end":{"line":161,"column":17}},"type":"if","locations":[{"start":{"line":154,"column":16},"end":{"line":161,"column":17}},{"start":{"line":154,"column":16},"end":{"line":161,"column":17}}],"line":154},"3":{"loc":{"start":{"line":162,"column":16},"end":{"line":164,"column":17}},"type":"if","locations":[{"start":{"line":162,"column":16},"end":{"line":164,"column":17}},{"start":{"line":162,"column":16},"end":{"line":164,"column":17}}],"line":162},"4":{"loc":{"start":{"line":186,"column":8},"end":{"line":211,"column":9}},"type":"if","locations":[{"start":{"line":186,"column":8},"end":{"line":211,"column":9}},{"start":{"line":186,"column":8},"end":{"line":211,"column":9}}],"line":186}},"s":{"0":1,"1":1,"2":1,"3":1,"4":1,"5":1,"6":1,"7":1,"8":1,"9":1,"10":1,"11":1,"12":1,"13":1,"14":8,"15":3,"16":5,"17":8,"18":2,"19":2,"20":1,"21":1,"22":1,"23":2,"24":2,"25":1,"26":1,"27":1,"28":2,"29":2,"30":1,"31":1,"32":1,"33":2,"34":2,"35":2,"36":1,"37":1,"38":1,"39":1,"40":1,"41":1,"42":1,"43":1,"44":1,"45":1,"46":1,"47":0,"48":0,"49":0,"50":0,"51":0,"52":0,"53":0,"54":0,"55":0,"56":0,"57":0,"58":0,"59":0,"60":0,"61":0,"62":0,"63":0,"64":0,"65":0,"66":0,"67":0,"68":0,"69":0,"70":0,"71":0,"72":0,"73":0,"74":0,"75":0,"76":0,"77":0,"78":0,"79":0,"80":0,"81":0,"82":0,"83":0,"84":1},"f":{"0":1,"1":8,"2":2,"3":2,"4":2,"5":2,"6":0,"7":0},"b":{"0":[3,5],"1":[0,0],"2":[0,0],"3":[0,0],"4":[0,0]},"_coverageSchema":"1a1c01bbd47fc00a2c39e90264f33305004495a9","hash":"7eaab4663300989d55bbbbe93499cefd362b0824"}
}
