TN:
SF:config\dbConn.js
FNF:0
FNH:0
DA:1,9
DA:2,9
DA:4,9
DA:5,9
DA:16,9
LF:5
LH:5
BRF:0
BRH:0
end_of_record
TN:
SF:config\logger.js
FN:22,(anonymous_0)
FNF:1
FNH:1
FNDA:4,(anonymous_0)
DA:1,1
DA:2,1
DA:4,1
DA:5,1
DA:22,1
DA:23,4
DA:25,1
DA:26,1
DA:28,1
DA:29,1
DA:31,1
DA:32,1
DA:34,1
DA:38,1
LF:14
LH:14
BRDA:23,0,0,1
BRDA:23,0,1,1
BRDA:23,0,2,1
BRDA:23,0,3,1
BRF:4
BRH:4
end_of_record
TN:
SF:src\events\myEmitter.js
FNF:0
FNH:0
DA:1,1
DA:2,1
DA:3,1
LF:3
LH:3
BRF:0
BRH:0
end_of_record
TN:
SF:src\models\comment.model.js
FNF:0
FNH:0
DA:1,1
DA:2,1
DA:4,1
DA:28,1
LF:4
LH:4
BRF:0
BRH:0
end_of_record
TN:
SF:src\models\content.model.js
FNF:0
FNH:0
DA:1,1
DA:2,1
DA:4,1
DA:29,1
LF:4
LH:4
BRF:0
BRH:0
end_of_record
TN:
SF:src\models\fan.model.js
FNF:0
FNH:0
DA:1,1
DA:2,1
DA:4,1
DA:24,1
LF:4
LH:4
BRF:0
BRH:0
end_of_record
TN:
SF:src\models\friend.model.js
FNF:0
FNH:0
DA:1,1
DA:2,1
DA:4,1
DA:24,1
LF:4
LH:4
BRF:0
BRH:0
end_of_record
TN:
SF:src\models\like.model.js
FNF:0
FNH:0
DA:1,1
DA:2,1
DA:4,1
DA:24,1
LF:4
LH:4
BRF:0
BRH:0
end_of_record
TN:
SF:src\models\user.account.model.js
FNF:0
FNH:0
DA:1,1
DA:2,1
DA:4,1
DA:42,1
LF:4
LH:4
BRF:0
BRH:0
end_of_record
TN:
SF:src\models\user.model.js
FNF:0
FNH:0
DA:1,1
DA:2,1
DA:4,1
DA:30,1
LF:4
LH:4
BRF:0
BRH:0
end_of_record
TN:
SF:src\models\user.profile.model.js
FNF:0
FNH:0
DA:1,1
DA:2,1
DA:4,1
DA:41,1
LF:4
LH:4
BRF:0
BRH:0
end_of_record
TN:
SF:src\services\auth.service.js
FN:9,(anonymous_0)
FN:19,(anonymous_1)
FN:55,(anonymous_2)
FN:92,(anonymous_3)
FN:122,(anonymous_4)
FN:162,(anonymous_5)
FNF:6
FNH:6
FNDA:1,(anonymous_0)
FNDA:5,(anonymous_1)
FNDA:6,(anonymous_2)
FNDA:3,(anonymous_3)
FNDA:9,(anonymous_4)
FNDA:3,(anonymous_5)
DA:2,1
DA:3,1
DA:4,1
DA:5,1
DA:7,1
DA:10,1
DA:11,1
DA:12,1
DA:13,1
DA:14,1
DA:15,1
DA:16,1
DA:17,1
DA:19,1
DA:20,5
DA:56,6
DA:58,6
DA:59,6
DA:62,5
DA:63,4
DA:64,4
DA:65,3
DA:71,3
DA:72,3
DA:77,1
DA:80,1
DA:83,1
DA:87,1
DA:89,5
DA:93,3
DA:95,3
DA:96,3
DA:97,2
DA:98,1
DA:104,1
DA:105,1
DA:110,1
DA:113,1
DA:117,1
DA:119,2
DA:123,9
DA:125,9
DA:126,9
DA:127,9
DA:128,9
DA:129,9
DA:130,8
DA:131,8
DA:132,8
DA:133,8
DA:134,8
DA:135,1
DA:136,7
DA:137,1
DA:138,6
DA:139,1
DA:140,5
DA:141,1
DA:142,4
DA:143,1
DA:144,3
DA:145,1
DA:146,2
DA:147,1
DA:149,1
DA:153,1
DA:157,1
DA:159,8
DA:163,3
DA:165,3
DA:166,3
DA:167,2
DA:168,1
DA:169,1
DA:173,1
DA:176,1
DA:180,1
DA:182,2
DA:186,1
LF:79
LH:79
BRDA:59,0,0,1
BRDA:59,0,1,5
BRDA:62,1,0,4
BRDA:62,1,1,1
BRDA:64,2,0,3
BRDA:64,2,1,1
BRDA:97,3,0,1
BRDA:97,3,1,1
BRDA:131,4,0,4
BRDA:131,4,1,4
BRDA:132,5,0,4
BRDA:132,5,1,4
BRDA:133,6,0,4
BRDA:133,6,1,4
BRDA:134,7,0,1
BRDA:134,7,1,7
BRDA:134,8,0,8
BRDA:134,8,1,4
BRDA:134,8,2,2
BRDA:136,9,0,1
BRDA:136,9,1,6
BRDA:136,10,0,7
BRDA:136,10,1,4
BRDA:136,10,2,2
BRDA:138,11,0,1
BRDA:138,11,1,5
BRDA:138,12,0,6
BRDA:138,12,1,3
BRDA:138,12,2,2
BRDA:140,13,0,1
BRDA:140,13,1,4
BRDA:140,14,0,5
BRDA:140,14,1,3
BRDA:140,14,2,2
BRDA:142,15,0,1
BRDA:142,15,1,3
BRDA:142,16,0,4
BRDA:142,16,1,2
BRDA:142,16,2,1
BRDA:144,17,0,1
BRDA:144,17,1,2
BRDA:144,18,0,3
BRDA:144,18,1,2
BRDA:144,18,2,1
BRDA:146,19,0,1
BRDA:146,19,1,1
BRDA:146,20,0,2
BRDA:146,20,1,1
BRDA:146,20,2,1
BRDA:167,21,0,1
BRDA:167,21,1,1
BRDA:167,22,0,2
BRDA:167,22,1,1
BRF:53
BRH:53
end_of_record
TN:
SF:src\services\user.service.js
FN:8,(anonymous_0)
FN:18,(anonymous_1)
FN:64,(anonymous_2)
FN:81,(anonymous_3)
FN:98,(anonymous_4)
FN:116,(anonymous_5)
FN:148,(anonymous_6)
FN:183,(anonymous_7)
FNF:8
FNH:6
FNDA:1,(anonymous_0)
FNDA:8,(anonymous_1)
FNDA:2,(anonymous_2)
FNDA:2,(anonymous_3)
FNDA:2,(anonymous_4)
FNDA:2,(anonymous_5)
FNDA:0,(anonymous_6)
FNDA:0,(anonymous_7)
DA:1,1
DA:2,1
DA:3,1
DA:4,1
DA:5,1
DA:9,1
DA:10,1
DA:11,1
DA:12,1
DA:13,1
DA:14,1
DA:15,1
DA:16,1
DA:18,1
DA:20,8
DA:21,3
DA:27,5
DA:32,8
DA:66,2
DA:67,2
DA:72,1
DA:76,1
DA:78,1
DA:83,2
DA:84,2
DA:89,1
DA:93,1
DA:95,1
DA:100,2
DA:101,2
DA:106,1
DA:110,1
DA:112,1
DA:118,2
DA:119,2
DA:120,2
DA:121,1
DA:127,1
DA:129,1
DA:130,1
DA:132,1
DA:133,1
DA:134,1
DA:138,1
DA:139,1
DA:143,1
DA:145,1
DA:150,0
DA:151,0
DA:152,0
DA:153,0
DA:154,0
DA:155,0
DA:162,0
DA:163,0
DA:165,0
DA:166,0
DA:167,0
DA:168,0
DA:170,0
DA:171,0
DA:175,0
DA:178,0
DA:180,0
DA:185,0
DA:186,0
DA:187,0
DA:188,0
DA:189,0
DA:190,0
DA:191,0
DA:193,0
DA:194,0
DA:195,0
DA:196,0
DA:197,0
DA:198,0
DA:199,0
DA:200,0
DA:202,0
DA:203,0
DA:207,0
DA:210,0
DA:212,0
DA:215,1
LF:85
LH:48
BRDA:20,0,0,3
BRDA:20,0,1,5
BRDA:151,1,0,0
BRDA:151,1,1,0
BRDA:154,2,0,0
BRDA:154,2,1,0
BRDA:162,3,0,0
BRDA:162,3,1,0
BRDA:186,4,0,0
BRDA:186,4,1,0
BRF:10
BRH:2
end_of_record
